<?xml version="1.0" encoding="UTF-8"?>
<!-- Generated by org.testng.reporters.JUnitReportReporter -->
<testsuite hostname="DESKTOP-M2NN6CV" failures="0" tests="1" name="com.selenium.test.HomePageTest" time="34.025" errors="0" timestamp="2022-04-04T16:50:56 IST" skipped="0">
  <testcase classname="com.selenium.test.HomePageTest" name="testHomePage" time="34.025"/>
  <system-out/>
</testsuite> <!-- com.selenium.test.HomePageTest -->
