<?xml version="1.0" encoding="UTF-8"?>
<!-- Generated by org.testng.reporters.JUnitReportReporter -->
<testsuite hostname="DESKTOP-M2NN6CV" failures="0" tests="1" name="Appium.PracticeSessions.Test2" time="7.745" errors="0" timestamp="2022-02-23T12:11:31 IST" skipped="0">
  <testcase classname="Appium.PracticeSessions.Test2" name="testingChrome" time="7.745"/>
  <system-out/>
</testsuite> <!-- Appium.PracticeSessions.Test2 -->
