<?xml version="1.0" encoding="UTF-8"?>
<!-- Generated by org.testng.reporters.JUnitReportReporter -->
<testsuite hostname="DESKTOP-M2NN6CV" failures="0" tests="1" name="Appium.PracticeSessions.Test1" time="18.738" errors="0" timestamp="2022-02-17T11:46:19 IST" skipped="0">
  <testcase classname="Appium.PracticeSessions.Test1" name="test" time="18.738"/>
  <system-out/>
</testsuite> <!-- Appium.PracticeSessions.Test1 -->
